<?xml version="1.0" encoding="UTF-8"?>
<testsuite name="RaceResultsServiceTest" tests="10" skipped="0" failures="0" errors="0" timestamp="2020-01-23T08:30:48" hostname="DESKTOP-HCRQ2JE" time="0.181">
  <properties/>
  <testcase name="aSubscriberShouldReceiveOneMessagePerCategory" classname="RaceResultsServiceTest" time="0.082"/>
  <testcase name="loggerDoesnotLogsDateAndMessageWhenMessageNotSent" classname="RaceResultsServiceTest" time="0.039"/>
  <testcase name="aSubscriberShouldNotReceiveMessageAfterUnsubscribed" classname="RaceResultsServiceTest" time="0.002"/>
  <testcase name="loggerLogsDateAndMessageWhenMessageSent" classname="RaceResultsServiceTest" time="0.007"/>
  <testcase name="aSubscriberShouldReceiveMessageForSubscribedCategoryOnly" classname="RaceResultsServiceTest" time="0.013"/>
  <testcase name="nonSubscribersShouldNotReceiveMessage" classname="RaceResultsServiceTest" time="0.002"/>
  <testcase name="messagesSentToSubscribers" classname="RaceResultsServiceTest" time="0.015"/>
  <testcase name="notSubscribedClientShouldNotUnsubscribe" classname="RaceResultsServiceTest" time="0.0"/>
  <testcase name="multipleMessagesAreSentToSubscribersForeachCategory" classname="RaceResultsServiceTest" time="0.011"/>
  <testcase name="aSubscriberShouldUnsubscribeFromPreSubscribedCategoryOnly" classname="RaceResultsServiceTest" time="0.001"/>
  <system-out><![CDATA[]]></system-out>
  <system-err><![CDATA[]]></system-err>
</testsuite>
