<?xml version="1.0" encoding="UTF-8"?>
<testsuite name="UserServiceImplTest" tests="1" skipped="0" failures="0" errors="0" timestamp="2020-01-23T08:30:48" hostname="DESKTOP-HCRQ2JE" time="0.165">
  <properties/>
  <testcase name="verifyUserGetsThePassword" classname="UserServiceImplTest" time="0.165"/>
  <system-out><![CDATA[]]></system-out>
  <system-err><![CDATA[]]></system-err>
</testsuite>
