<?xml version="1.0" encoding="UTF-8"?>
<testsuite name="SchoolTest" tests="3" skipped="0" failures="0" errors="0" timestamp="2020-01-23T08:30:48" hostname="DESKTOP-HCRQ2JE" time="0.005">
  <properties/>
  <testcase name="schoolNameAndOpenningDateShouldBeSetAtCreation" classname="SchoolTest" time="0.004"/>
  <testcase name="cannotAddCourseEndDateBeforeStartDate" classname="SchoolTest" time="0.001"/>
  <testcase name="addCourseEndDateAfterStartDate" classname="SchoolTest" time="0.0"/>
  <system-out><![CDATA[]]></system-out>
  <system-err><![CDATA[]]></system-err>
</testsuite>
